<?xml version="1.0" encoding="UTF-8"?>
<coverage generated="1676133102">
  <project timestamp="1676133102">
    <file name="/home/sergei/php_projects/php-project-9/src/App.php">
      <line num="7" type="stmt" count="1"/>
      <metrics loc="9" ncloc="9" classes="0" methods="0" coveredmethods="0" conditionals="0" coveredconditionals="0" statements="1" coveredstatements="1" elements="1" coveredelements="1"/>
    </file>
    <metrics files="1" loc="9" ncloc="9" classes="0" methods="0" coveredmethods="0" conditionals="0" coveredconditionals="0" statements="1" coveredstatements="1" elements="1" coveredelements="1"/>
  </project>
</coverage>
